<?xml version="1.0" encoding="UTF-8"?>
<testsuites>
  <testsuite name="Foobar - Trade Processor" tests="7" assertions="7" failures="0" errors="0" time="0.042386">
    <testsuite name="FoobarTest\ControllerTest" file="/usr/share/nginx/html/foobar-trade-processor/tests/lib/ControllerTest.php" tests="3" assertions="3" failures="0" errors="0" time="0.021094">
      <testcase name="testFactory" class="FoobarTest\ControllerTest" file="/usr/share/nginx/html/foobar-trade-processor/tests/lib/ControllerTest.php" line="20" assertions="1" time="0.010205"/>
      <testcase name="testDefaultController" class="FoobarTest\ControllerTest" file="/usr/share/nginx/html/foobar-trade-processor/tests/lib/ControllerTest.php" line="30" assertions="1" time="0.005665"/>
      <testcase name="testDoAction" class="FoobarTest\ControllerTest" file="/usr/share/nginx/html/foobar-trade-processor/tests/lib/ControllerTest.php" line="46" assertions="1" time="0.005224"/>
    </testsuite>
    <testsuite name="FoobarTest\Router" file="/usr/share/nginx/html/foobar-trade-processor/tests/lib/RouterTest.php" tests="2" assertions="2" failures="0" errors="0" time="0.010811">
      <testcase name="testParseGetRequests" class="FoobarTest\Router" file="/usr/share/nginx/html/foobar-trade-processor/tests/lib/RouterTest.php" line="25" assertions="1" time="0.005772"/>
      <testcase name="testParsePostRequests" class="FoobarTest\Router" file="/usr/share/nginx/html/foobar-trade-processor/tests/lib/RouterTest.php" line="48" assertions="1" time="0.005039"/>
    </testsuite>
    <testsuite name="FoobarTest\ViewTest" file="/usr/share/nginx/html/foobar-trade-processor/tests/lib/ViewTest.php" tests="2" assertions="2" failures="0" errors="0" time="0.010481">
      <testcase name="testViewFactory" class="FoobarTest\ViewTest" file="/usr/share/nginx/html/foobar-trade-processor/tests/lib/ViewTest.php" line="22" assertions="2" time="0.006143"/>
      <testcase name="testRender" class="FoobarTest\ViewTest" file="/usr/share/nginx/html/foobar-trade-processor/tests/lib/ViewTest.php" line="41" assertions="0" time="0.004338"/>
    </testsuite>
  </testsuite>
</testsuites>
