<?xml version="1.0" encoding="UTF-8"?>
<testsuites>
  <testsuite name="Foobar - Trade Processor" tests="7" assertions="7" failures="0" errors="0" time="0.165205">
    <testsuite name="FoobarTest\ControllerTest" file="/vagrant/project/foobar-trade-processor/tests/lib/ControllerTest.php" tests="3" assertions="3" failures="0" errors="0" time="0.079968">
      <testcase name="testFactory" class="FoobarTest\ControllerTest" file="/vagrant/project/foobar-trade-processor/tests/lib/ControllerTest.php" line="20" assertions="1" time="0.035774"/>
      <testcase name="testDefaultController" class="FoobarTest\ControllerTest" file="/vagrant/project/foobar-trade-processor/tests/lib/ControllerTest.php" line="30" assertions="1" time="0.023422"/>
      <testcase name="testDoAction" class="FoobarTest\ControllerTest" file="/vagrant/project/foobar-trade-processor/tests/lib/ControllerTest.php" line="46" assertions="1" time="0.020772"/>
    </testsuite>
    <testsuite name="FoobarTest\Router" file="/vagrant/project/foobar-trade-processor/tests/lib/RouterTest.php" tests="2" assertions="2" failures="0" errors="0" time="0.040860">
      <testcase name="testParseGetRequests" class="FoobarTest\Router" file="/vagrant/project/foobar-trade-processor/tests/lib/RouterTest.php" line="25" assertions="1" time="0.020964"/>
      <testcase name="testParsePostRequests" class="FoobarTest\Router" file="/vagrant/project/foobar-trade-processor/tests/lib/RouterTest.php" line="48" assertions="1" time="0.019896"/>
    </testsuite>
    <testsuite name="FoobarTest\ViewTest" file="/vagrant/project/foobar-trade-processor/tests/lib/ViewTest.php" tests="2" assertions="2" failures="0" errors="0" time="0.044377">
      <testcase name="testViewFactory" class="FoobarTest\ViewTest" file="/vagrant/project/foobar-trade-processor/tests/lib/ViewTest.php" line="22" assertions="2" time="0.024938"/>
      <testcase name="testRender" class="FoobarTest\ViewTest" file="/vagrant/project/foobar-trade-processor/tests/lib/ViewTest.php" line="41" assertions="0" time="0.019439"/>
    </testsuite>
  </testsuite>
</testsuites>
